<?xml version="1.0" encoding="UTF-8"?>
<testng-results skipped="0" failed="0" ignored="0" total="1" passed="1">
  <reporter-output>
  </reporter-output>
  <suite name="Default suite" duration-ms="9904" started-at="2020-02-23T12:32:58 EST" finished-at="2020-02-23T12:33:08 EST">
    <groups>
    </groups>
    <test name="Default test" duration-ms="9904" started-at="2020-02-23T12:32:58 EST" finished-at="2020-02-23T12:33:08 EST">
      <class name="Piit.mavenproject.first">
        <test-method status="PASS" signature="firstclass()[pri:0, instance:Piit.mavenproject.first@5b87ed94]" name="firstclass" duration-ms="9847" started-at="2020-02-23T12:32:58 EST" finished-at="2020-02-23T12:33:08 EST">
          <reporter-output>
          </reporter-output>
        </test-method> <!-- firstclass -->
      </class> <!-- Piit.mavenproject.first -->
    </test> <!-- Default test -->
  </suite> <!-- Default suite -->
</testng-results>
